action: GLOB, msg: packaging
cwd: /home/jihun/Project/TeamCity/Project/TeamCityLocalTest/python
cmd: /usr/bin/python3 setup.py sdist --formats=zip --dist-dir /home/jihun/Project/TeamCity/Project/TeamCityLocalTest/python/.tox/dist
running sdist
running egg_info
creating jihun_test.egg-info
writing jihun_test.egg-info/PKG-INFO
writing dependency_links to jihun_test.egg-info/dependency_links.txt
writing requirements to jihun_test.egg-info/requires.txt
writing top-level names to jihun_test.egg-info/top_level.txt
writing manifest file 'jihun_test.egg-info/SOURCES.txt'
reading manifest file 'jihun_test.egg-info/SOURCES.txt'
writing manifest file 'jihun_test.egg-info/SOURCES.txt'
warning: sdist: standard file not found: should have one of README, README.rst, README.txt, README.md

running check
warning: check: missing required meta-data: url

creating jihun-test-1.1.8
creating jihun-test-1.1.8/function
creating jihun-test-1.1.8/jihun_test.egg-info
creating jihun-test-1.1.8/test
copying files to jihun-test-1.1.8...
copying setup.py -> jihun-test-1.1.8
copying function/__init__.py -> jihun-test-1.1.8/function
copying function/test.py -> jihun-test-1.1.8/function
copying jihun_test.egg-info/PKG-INFO -> jihun-test-1.1.8/jihun_test.egg-info
copying jihun_test.egg-info/SOURCES.txt -> jihun-test-1.1.8/jihun_test.egg-info
copying jihun_test.egg-info/dependency_links.txt -> jihun-test-1.1.8/jihun_test.egg-info
copying jihun_test.egg-info/requires.txt -> jihun-test-1.1.8/jihun_test.egg-info
copying jihun_test.egg-info/top_level.txt -> jihun-test-1.1.8/jihun_test.egg-info
copying test/test_int.py -> jihun-test-1.1.8/test
copying test/test_str.py -> jihun-test-1.1.8/test
Writing jihun-test-1.1.8/setup.cfg
creating /home/jihun/Project/TeamCity/Project/TeamCityLocalTest/python/.tox/dist
creating '/home/jihun/Project/TeamCity/Project/TeamCityLocalTest/python/.tox/dist/jihun-test-1.1.8.zip' and adding 'jihun-test-1.1.8' to it
adding 'jihun-test-1.1.8'
adding 'jihun-test-1.1.8/function'
adding 'jihun-test-1.1.8/jihun_test.egg-info'
adding 'jihun-test-1.1.8/test'
adding 'jihun-test-1.1.8/PKG-INFO'
adding 'jihun-test-1.1.8/setup.cfg'
adding 'jihun-test-1.1.8/setup.py'
adding 'jihun-test-1.1.8/function/test.py'
adding 'jihun-test-1.1.8/function/__init__.py'
adding 'jihun-test-1.1.8/jihun_test.egg-info/requires.txt'
adding 'jihun-test-1.1.8/jihun_test.egg-info/SOURCES.txt'
adding 'jihun-test-1.1.8/jihun_test.egg-info/PKG-INFO'
adding 'jihun-test-1.1.8/jihun_test.egg-info/dependency_links.txt'
adding 'jihun-test-1.1.8/jihun_test.egg-info/top_level.txt'
adding 'jihun-test-1.1.8/test/test_str.py'
adding 'jihun-test-1.1.8/test/test_int.py'
removing 'jihun-test-1.1.8' (and everything under it)
